2024-05-16 21:59:21 [scrapy.utils.log] INFO: Scrapy 2.7.1 started (bot: data_58)
2024-05-16 21:59:21 [scrapy.utils.log] INFO: Versions: lxml 4.9.1.0, libxml2 2.9.12, cssselect 1.2.0, parsel 1.7.0, w3lib 2.1.0, Twisted 22.10.0, Python 3.9.7 (tags/v3.9.7:1016ef3, Aug 30 2021, 20:19:38) [MSC v.1929 64 bit (AMD64)], pyOpenSSL 22.1.0 (OpenSSL 3.0.7 1 Nov 2022), cryptography 38.0.4, Platform Windows-10-10.0.19045-SP0
2024-05-16 21:59:21 [scrapy.crawler] INFO: Overridden settings:
{'AUTOTHROTTLE_ENABLED': True,
 'BOT_NAME': 'data_58',
 'CONCURRENT_REQUESTS': 32,
 'CONCURRENT_REQUESTS_PER_DOMAIN': 16,
 'CONCURRENT_REQUESTS_PER_IP': 16,
 'LOG_FILE': 'scrapy.log',
 'NEWSPIDER_MODULE': 'data_58.spiders',
 'REQUEST_FINGERPRINTER_IMPLEMENTATION': '2.7',
 'SPIDER_MODULES': ['data_58.spiders'],
 'TWISTED_REACTOR': 'twisted.internet.asyncioreactor.AsyncioSelectorReactor',
 'USER_AGENT': 'Mozilla/5.0 (Linux; Android 6.0; Nexus 5 Build/MRA58N) '
               'AppleWebKit/537.36 (KHTML, like Gecko) Chrome/124.0.0.0 Mobile '
               'Safari/537.36'}
2024-05-16 21:59:21 [asyncio] DEBUG: Using selector: SelectSelector
2024-05-16 21:59:21 [scrapy.utils.log] DEBUG: Using reactor: twisted.internet.asyncioreactor.AsyncioSelectorReactor
2024-05-16 21:59:21 [scrapy.utils.log] DEBUG: Using asyncio event loop: asyncio.windows_events._WindowsSelectorEventLoop
2024-05-16 21:59:21 [scrapy.extensions.telnet] INFO: Telnet Password: c030fb896e0bfd89
2024-05-16 21:59:21 [scrapy.middleware] INFO: Enabled extensions:
['scrapy.extensions.corestats.CoreStats',
 'scrapy.extensions.telnet.TelnetConsole',
 'scrapy.extensions.throttle.AutoThrottle',
 'scrapy.extensions.logstats.LogStats']
2024-05-16 21:59:21 [scrapy.middleware] INFO: Enabled downloader middlewares:
['scrapy.downloadermiddlewares.httpauth.HttpAuthMiddleware',
 'scrapy.downloadermiddlewares.downloadtimeout.DownloadTimeoutMiddleware',
 'scrapy.downloadermiddlewares.defaultheaders.DefaultHeadersMiddleware',
 'scrapy.downloadermiddlewares.useragent.UserAgentMiddleware',
 'scrapy.downloadermiddlewares.retry.RetryMiddleware',
 'scrapy.downloadermiddlewares.redirect.MetaRefreshMiddleware',
 'scrapy.downloadermiddlewares.httpcompression.HttpCompressionMiddleware',
 'scrapy.downloadermiddlewares.cookies.CookiesMiddleware',
 'scrapy.downloadermiddlewares.httpproxy.HttpProxyMiddleware',
 'scrapy.downloadermiddlewares.stats.DownloaderStats',
 'scrapy.downloadermiddlewares.redirect.RedirectMiddleware']
2024-05-16 21:59:21 [scrapy.middleware] INFO: Enabled spider middlewares:
['scrapy.spidermiddlewares.httperror.HttpErrorMiddleware',
 'scrapy.spidermiddlewares.offsite.OffsiteMiddleware',
 'scrapy.spidermiddlewares.referer.RefererMiddleware',
 'scrapy.spidermiddlewares.urllength.UrlLengthMiddleware',
 'scrapy.spidermiddlewares.depth.DepthMiddleware']
2024-05-16 21:59:21 [scrapy.middleware] INFO: Enabled item pipelines:
['data_58.pipelines.Data58Pipeline', 'data_58.pipelines.MysqlPipeline']
2024-05-16 21:59:21 [scrapy.core.engine] INFO: Spider opened
2024-05-16 21:59:22 [scrapy.extensions.logstats] INFO: Crawled 0 pages (at 0 pages/min), scraped 0 items (at 0 items/min)
2024-05-16 21:59:22 [scrapy.extensions.telnet] INFO: Telnet console listening on 127.0.0.1:6023
2024-05-16 21:59:22 [scrapy.downloadermiddlewares.redirect] DEBUG: Redirecting (302) to <GET https://m.58.com/cc/pugongjg/?reform=pcfront> from <GET https://cc.58.com/pugongjg/>
2024-05-16 21:59:28 [filelock] DEBUG: Attempting to acquire lock 3011051989168 on D:\Program Files (x86)\Python\Python39\lib\site-packages\tldextract\.suffix_cache/publicsuffix.org-tlds\de84b5ca2167d4c83e38fb162f2e8738.tldextract.json.lock
2024-05-16 21:59:28 [filelock] DEBUG: Lock 3011051989168 acquired on D:\Program Files (x86)\Python\Python39\lib\site-packages\tldextract\.suffix_cache/publicsuffix.org-tlds\de84b5ca2167d4c83e38fb162f2e8738.tldextract.json.lock
2024-05-16 21:59:28 [filelock] DEBUG: Attempting to release lock 3011051989168 on D:\Program Files (x86)\Python\Python39\lib\site-packages\tldextract\.suffix_cache/publicsuffix.org-tlds\de84b5ca2167d4c83e38fb162f2e8738.tldextract.json.lock
2024-05-16 21:59:28 [filelock] DEBUG: Lock 3011051989168 released on D:\Program Files (x86)\Python\Python39\lib\site-packages\tldextract\.suffix_cache/publicsuffix.org-tlds\de84b5ca2167d4c83e38fb162f2e8738.tldextract.json.lock
2024-05-16 21:59:28 [scrapy.core.engine] DEBUG: Crawled (200) <GET https://m.58.com/cc/pugongjg/?reform=pcfront> (referer: None)
2024-05-16 21:59:28 [scrapy.downloadermiddlewares.redirect] DEBUG: Redirecting (302) to <GET https://m.58.com/cc/yiliaojk/?reform=pcfront> from <GET https://cc.58.com/yiliaojk/>
2024-05-16 21:59:35 [scrapy.downloadermiddlewares.redirect] DEBUG: Redirecting (301) to <GET https://cc.58.com/nchuanmei/> from <GET https://cc.58.com/nchuanmei>
2024-05-16 21:59:41 [scrapy.downloadermiddlewares.redirect] DEBUG: Redirecting (302) to <GET https://m.58.com/cc/shengchanzhz/?reform=pcfront> from <GET https://cc.58.com/shengchanzhz/>
2024-05-16 21:59:48 [scrapy.downloadermiddlewares.redirect] DEBUG: Redirecting (302) to <GET https://m.58.com/cc/fuwuy/?reform=pcfront> from <GET https://cc.58.com/fuwuy/>
2024-05-16 21:59:55 [scrapy.downloadermiddlewares.redirect] DEBUG: Redirecting (302) to <GET https://m.58.com/cc/renshixzhcw/?reform=pcfront> from <GET https://cc.58.com/renshixzhcw/>
2024-05-16 22:00:01 [scrapy.downloadermiddlewares.redirect] DEBUG: Redirecting (302) to <GET https://m.58.com/cc/yunyingkf/?reform=pcfront> from <GET https://cc.58.com/yunyingkf/>
2024-05-16 22:00:08 [scrapy.downloadermiddlewares.redirect] DEBUG: Redirecting (302) to <GET https://m.58.com/cc/anbaoxf/?reform=pcfront> from <GET https://cc.58.com/anbaoxf/>
2024-05-16 22:00:15 [scrapy.downloadermiddlewares.redirect] DEBUG: Redirecting (302) to <GET https://m.58.com/cc/mendianlsh/?reform=pcfront> from <GET https://cc.58.com/mendianlsh/>
2024-05-16 22:00:20 [scrapy.downloadermiddlewares.redirect] DEBUG: Redirecting (302) to <GET https://m.58.com/cc/ncanyin/?reform=pcfront> from <GET https://cc.58.com/ncanyin/>
2024-05-16 22:00:22 [scrapy.extensions.logstats] INFO: Crawled 1 pages (at 1 pages/min), scraped 0 items (at 0 items/min)
2024-05-16 22:00:27 [scrapy.downloadermiddlewares.redirect] DEBUG: Redirecting (302) to <GET https://m.58.com/cc/nxiaoshou/?reform=pcfront> from <GET https://cc.58.com/nxiaoshou/>
2024-05-16 22:00:33 [scrapy.downloadermiddlewares.redirect] DEBUG: Redirecting (302) to <GET https://m.58.com/cc/sijiwl/?reform=pcfront> from <GET https://cc.58.com/sijiwl/>
2024-05-16 22:00:40 [scrapy.core.engine] DEBUG: Crawled (200) <GET https://m.58.com/cc/yiliaojk/?reform=pcfront> (referer: https://m.58.com/cc/pugongjg/?reform=pcfront)
2024-05-16 22:00:40 [scrapy.spidermiddlewares.offsite] DEBUG: Filtered offsite request to 'm.58.com': <GET https://m.58.com/cc/zpyiyuanyiliao/54047426782506x.shtml>
2024-05-16 22:00:46 [scrapy.downloadermiddlewares.redirect] DEBUG: Redirecting (302) to <GET https://m.58.com/cc/nchuanmei/?reform=pcfront> from <GET https://cc.58.com/nchuanmei/>
2024-05-16 22:00:50 [scrapy.core.engine] DEBUG: Crawled (200) <GET https://m.58.com/cc/shengchanzhz/?reform=pcfront> (referer: https://m.58.com/cc/pugongjg/?reform=pcfront)
2024-05-16 22:00:52 [scrapy.core.engine] DEBUG: Crawled (200) <GET https://m.58.com/cc/fuwuy/?reform=pcfront> (referer: https://m.58.com/cc/pugongjg/?reform=pcfront)
2024-05-16 22:00:54 [scrapy.core.engine] DEBUG: Crawled (200) <GET https://m.58.com/cc/renshixzhcw/?reform=pcfront> (referer: https://m.58.com/cc/pugongjg/?reform=pcfront)
2024-05-16 22:00:54 [scrapy.core.engine] DEBUG: Crawled (200) <GET https://m.58.com/cc/yunyingkf/?reform=pcfront> (referer: https://m.58.com/cc/pugongjg/?reform=pcfront)
2024-05-16 22:00:56 [scrapy.core.engine] DEBUG: Crawled (200) <GET https://m.58.com/cc/anbaoxf/?reform=pcfront> (referer: https://m.58.com/cc/pugongjg/?reform=pcfront)
2024-05-16 22:00:56 [scrapy.core.engine] DEBUG: Crawled (200) <GET https://m.58.com/cc/mendianlsh/?reform=pcfront> (referer: https://m.58.com/cc/pugongjg/?reform=pcfront)
2024-05-16 22:00:57 [scrapy.core.engine] DEBUG: Crawled (200) <GET https://m.58.com/cc/ncanyin/?reform=pcfront> (referer: https://m.58.com/cc/pugongjg/?reform=pcfront)
2024-05-16 22:00:58 [scrapy.core.engine] DEBUG: Crawled (200) <GET https://m.58.com/cc/nxiaoshou/?reform=pcfront> (referer: https://m.58.com/cc/pugongjg/?reform=pcfront)
2024-05-16 22:00:58 [scrapy.core.engine] DEBUG: Crawled (200) <GET https://m.58.com/cc/sijiwl/?reform=pcfront> (referer: https://m.58.com/cc/pugongjg/?reform=pcfront)
2024-05-16 22:00:59 [scrapy.core.engine] DEBUG: Crawled (200) <GET https://m.58.com/cc/nchuanmei/?reform=pcfront> (referer: https://m.58.com/cc/pugongjg/?reform=pcfront)
2024-05-16 22:00:59 [scrapy.core.engine] INFO: Closing spider (finished)
2024-05-16 22:00:59 [scrapy.statscollectors] INFO: Dumping Scrapy stats:
{'downloader/request_bytes': 11470,
 'downloader/request_count': 25,
 'downloader/request_method_count/GET': 25,
 'downloader/response_bytes': 586568,
 'downloader/response_count': 12,
 'downloader/response_status_count/200': 12,
 'elapsed_time_seconds': 97.595374,
 'finish_reason': 'finished',
 'finish_time': datetime.datetime(2024, 5, 16, 14, 0, 59, 695163),
 'httpcompression/response_bytes': 4267353,
 'httpcompression/response_count': 12,
 'log_count/DEBUG': 33,
 'log_count/INFO': 11,
 'offsite/domains': 1,
 'offsite/filtered': 330,
 'request_depth_max': 2,
 'response_received_count': 12,
 'scheduler/dequeued': 25,
 'scheduler/dequeued/memory': 25,
 'scheduler/enqueued': 25,
 'scheduler/enqueued/memory': 25,
 'start_time': datetime.datetime(2024, 5, 16, 13, 59, 22, 99789)}
2024-05-16 22:00:59 [scrapy.core.engine] INFO: Spider closed (finished)
2024-05-16 22:03:28 [scrapy.utils.log] INFO: Scrapy 2.7.1 started (bot: data_58)
2024-05-16 22:03:28 [scrapy.utils.log] INFO: Versions: lxml 4.9.1.0, libxml2 2.9.12, cssselect 1.2.0, parsel 1.7.0, w3lib 2.1.0, Twisted 22.10.0, Python 3.9.7 (tags/v3.9.7:1016ef3, Aug 30 2021, 20:19:38) [MSC v.1929 64 bit (AMD64)], pyOpenSSL 22.1.0 (OpenSSL 3.0.7 1 Nov 2022), cryptography 38.0.4, Platform Windows-10-10.0.19045-SP0
2024-05-16 22:03:28 [scrapy.crawler] INFO: Overridden settings:
{'AUTOTHROTTLE_ENABLED': True,
 'BOT_NAME': 'data_58',
 'CONCURRENT_REQUESTS': 32,
 'CONCURRENT_REQUESTS_PER_DOMAIN': 16,
 'CONCURRENT_REQUESTS_PER_IP': 16,
 'LOG_FILE': 'scrapy.log',
 'NEWSPIDER_MODULE': 'data_58.spiders',
 'REQUEST_FINGERPRINTER_IMPLEMENTATION': '2.7',
 'SPIDER_MODULES': ['data_58.spiders'],
 'TWISTED_REACTOR': 'twisted.internet.asyncioreactor.AsyncioSelectorReactor',
 'USER_AGENT': 'Mozilla/5.0 (Linux; Android 6.0; Nexus 5 Build/MRA58N) '
               'AppleWebKit/537.36 (KHTML, like Gecko) Chrome/124.0.0.0 Mobile '
               'Safari/537.36'}
2024-05-16 22:03:28 [asyncio] DEBUG: Using selector: SelectSelector
2024-05-16 22:03:28 [scrapy.utils.log] DEBUG: Using reactor: twisted.internet.asyncioreactor.AsyncioSelectorReactor
2024-05-16 22:03:28 [scrapy.utils.log] DEBUG: Using asyncio event loop: asyncio.windows_events._WindowsSelectorEventLoop
2024-05-16 22:03:28 [scrapy.extensions.telnet] INFO: Telnet Password: 73fbf0037e2f6032
2024-05-16 22:03:28 [scrapy.middleware] INFO: Enabled extensions:
['scrapy.extensions.corestats.CoreStats',
 'scrapy.extensions.telnet.TelnetConsole',
 'scrapy.extensions.throttle.AutoThrottle',
 'scrapy.extensions.logstats.LogStats']
2024-05-16 22:03:29 [scrapy.middleware] INFO: Enabled downloader middlewares:
['scrapy.downloadermiddlewares.httpauth.HttpAuthMiddleware',
 'scrapy.downloadermiddlewares.downloadtimeout.DownloadTimeoutMiddleware',
 'scrapy.downloadermiddlewares.defaultheaders.DefaultHeadersMiddleware',
 'scrapy.downloadermiddlewares.useragent.UserAgentMiddleware',
 'scrapy.downloadermiddlewares.retry.RetryMiddleware',
 'scrapy.downloadermiddlewares.redirect.MetaRefreshMiddleware',
 'scrapy.downloadermiddlewares.httpcompression.HttpCompressionMiddleware',
 'scrapy.downloadermiddlewares.cookies.CookiesMiddleware',
 'scrapy.downloadermiddlewares.httpproxy.HttpProxyMiddleware',
 'scrapy.downloadermiddlewares.stats.DownloaderStats',
 'scrapy.downloadermiddlewares.redirect.RedirectMiddleware']
2024-05-16 22:03:29 [scrapy.middleware] INFO: Enabled spider middlewares:
['scrapy.spidermiddlewares.httperror.HttpErrorMiddleware',
 'scrapy.spidermiddlewares.offsite.OffsiteMiddleware',
 'scrapy.spidermiddlewares.referer.RefererMiddleware',
 'scrapy.spidermiddlewares.urllength.UrlLengthMiddleware',
 'scrapy.spidermiddlewares.depth.DepthMiddleware']
2024-05-16 22:03:29 [scrapy.middleware] INFO: Enabled item pipelines:
['data_58.pipelines.Data58Pipeline', 'data_58.pipelines.MysqlPipeline']
2024-05-16 22:03:29 [scrapy.core.engine] INFO: Spider opened
2024-05-16 22:03:29 [scrapy.extensions.logstats] INFO: Crawled 0 pages (at 0 pages/min), scraped 0 items (at 0 items/min)
2024-05-16 22:03:29 [scrapy.extensions.telnet] INFO: Telnet console listening on 127.0.0.1:6023
2024-05-16 22:03:30 [scrapy.downloadermiddlewares.redirect] DEBUG: Redirecting (302) to <GET https://m.58.com/cc/pugongjg/?reform=pcfront> from <GET https://cc.58.com/pugongjg/>
2024-05-16 22:03:37 [filelock] DEBUG: Attempting to acquire lock 1874931181552 on D:\Program Files (x86)\Python\Python39\lib\site-packages\tldextract\.suffix_cache/publicsuffix.org-tlds\de84b5ca2167d4c83e38fb162f2e8738.tldextract.json.lock
2024-05-16 22:03:37 [filelock] DEBUG: Lock 1874931181552 acquired on D:\Program Files (x86)\Python\Python39\lib\site-packages\tldextract\.suffix_cache/publicsuffix.org-tlds\de84b5ca2167d4c83e38fb162f2e8738.tldextract.json.lock
2024-05-16 22:03:37 [filelock] DEBUG: Attempting to release lock 1874931181552 on D:\Program Files (x86)\Python\Python39\lib\site-packages\tldextract\.suffix_cache/publicsuffix.org-tlds\de84b5ca2167d4c83e38fb162f2e8738.tldextract.json.lock
2024-05-16 22:03:37 [filelock] DEBUG: Lock 1874931181552 released on D:\Program Files (x86)\Python\Python39\lib\site-packages\tldextract\.suffix_cache/publicsuffix.org-tlds\de84b5ca2167d4c83e38fb162f2e8738.tldextract.json.lock
2024-05-16 22:03:37 [scrapy.core.engine] DEBUG: Crawled (200) <GET https://m.58.com/cc/pugongjg/?reform=pcfront> (referer: None)
2024-05-16 22:03:37 [scrapy.downloadermiddlewares.redirect] DEBUG: Redirecting (302) to <GET https://m.58.com/cc/yiliaojk/?reform=pcfront> from <GET https://cc.58.com/yiliaojk/>
2024-05-16 22:03:45 [scrapy.downloadermiddlewares.redirect] DEBUG: Redirecting (301) to <GET https://cc.58.com/nchuanmei/> from <GET https://cc.58.com/nchuanmei>
2024-05-16 22:03:52 [scrapy.downloadermiddlewares.redirect] DEBUG: Redirecting (302) to <GET https://m.58.com/cc/shengchanzhz/?reform=pcfront> from <GET https://cc.58.com/shengchanzhz/>
2024-05-16 22:03:59 [scrapy.downloadermiddlewares.redirect] DEBUG: Redirecting (302) to <GET https://m.58.com/cc/fuwuy/?reform=pcfront> from <GET https://cc.58.com/fuwuy/>
2024-05-16 22:04:06 [scrapy.downloadermiddlewares.redirect] DEBUG: Redirecting (302) to <GET https://m.58.com/cc/renshixzhcw/?reform=pcfront> from <GET https://cc.58.com/renshixzhcw/>
2024-05-16 22:04:11 [scrapy.downloadermiddlewares.redirect] DEBUG: Redirecting (302) to <GET https://m.58.com/cc/yunyingkf/?reform=pcfront> from <GET https://cc.58.com/yunyingkf/>
2024-05-16 22:04:17 [scrapy.downloadermiddlewares.redirect] DEBUG: Redirecting (302) to <GET https://m.58.com/cc/anbaoxf/?reform=pcfront> from <GET https://cc.58.com/anbaoxf/>
2024-05-16 22:04:24 [scrapy.downloadermiddlewares.redirect] DEBUG: Redirecting (302) to <GET https://m.58.com/cc/mendianlsh/?reform=pcfront> from <GET https://cc.58.com/mendianlsh/>
2024-05-16 22:04:29 [scrapy.extensions.logstats] INFO: Crawled 1 pages (at 1 pages/min), scraped 0 items (at 0 items/min)
2024-05-16 22:04:31 [scrapy.downloadermiddlewares.redirect] DEBUG: Redirecting (302) to <GET https://m.58.com/cc/ncanyin/?reform=pcfront> from <GET https://cc.58.com/ncanyin/>
2024-05-16 22:04:37 [scrapy.downloadermiddlewares.redirect] DEBUG: Redirecting (302) to <GET https://m.58.com/cc/nxiaoshou/?reform=pcfront> from <GET https://cc.58.com/nxiaoshou/>
2024-05-16 22:04:45 [scrapy.downloadermiddlewares.redirect] DEBUG: Redirecting (302) to <GET https://m.58.com/cc/sijiwl/?reform=pcfront> from <GET https://cc.58.com/sijiwl/>
2024-05-16 22:04:51 [scrapy.core.engine] DEBUG: Crawled (200) <GET https://m.58.com/cc/yiliaojk/?reform=pcfront> (referer: https://m.58.com/cc/pugongjg/?reform=pcfront)
2024-05-16 22:04:51 [scrapy.spidermiddlewares.offsite] DEBUG: Filtered offsite request to 'm.58.com': <GET https://m.58.com/cc/zpyiyuanyiliao/58344930166579x.shtml>
2024-05-16 22:04:55 [scrapy.downloadermiddlewares.redirect] DEBUG: Redirecting (302) to <GET https://m.58.com/cc/nchuanmei/?reform=pcfront> from <GET https://cc.58.com/nchuanmei/>
2024-05-16 22:04:59 [scrapy.core.engine] DEBUG: Crawled (200) <GET https://m.58.com/cc/shengchanzhz/?reform=pcfront> (referer: https://m.58.com/cc/pugongjg/?reform=pcfront)
2024-05-16 22:05:02 [scrapy.core.engine] DEBUG: Crawled (200) <GET https://m.58.com/cc/fuwuy/?reform=pcfront> (referer: https://m.58.com/cc/pugongjg/?reform=pcfront)
2024-05-16 22:05:04 [scrapy.core.engine] DEBUG: Crawled (200) <GET https://m.58.com/cc/renshixzhcw/?reform=pcfront> (referer: https://m.58.com/cc/pugongjg/?reform=pcfront)
2024-05-16 22:05:05 [scrapy.core.engine] DEBUG: Crawled (200) <GET https://m.58.com/cc/yunyingkf/?reform=pcfront> (referer: https://m.58.com/cc/pugongjg/?reform=pcfront)
2024-05-16 22:05:06 [scrapy.core.engine] DEBUG: Crawled (200) <GET https://m.58.com/cc/anbaoxf/?reform=pcfront> (referer: https://m.58.com/cc/pugongjg/?reform=pcfront)
2024-05-16 22:05:07 [scrapy.core.engine] DEBUG: Crawled (200) <GET https://m.58.com/cc/mendianlsh/?reform=pcfront> (referer: https://m.58.com/cc/pugongjg/?reform=pcfront)
2024-05-16 22:05:07 [scrapy.core.engine] DEBUG: Crawled (200) <GET https://m.58.com/cc/ncanyin/?reform=pcfront> (referer: https://m.58.com/cc/pugongjg/?reform=pcfront)
2024-05-16 22:05:08 [scrapy.core.engine] DEBUG: Crawled (200) <GET https://m.58.com/cc/nxiaoshou/?reform=pcfront> (referer: https://m.58.com/cc/pugongjg/?reform=pcfront)
2024-05-16 22:05:09 [scrapy.core.engine] DEBUG: Crawled (200) <GET https://m.58.com/cc/sijiwl/?reform=pcfront> (referer: https://m.58.com/cc/pugongjg/?reform=pcfront)
2024-05-16 22:05:10 [scrapy.core.engine] DEBUG: Crawled (200) <GET https://m.58.com/cc/nchuanmei/?reform=pcfront> (referer: https://m.58.com/cc/pugongjg/?reform=pcfront)
2024-05-16 22:05:10 [scrapy.core.engine] INFO: Closing spider (finished)
2024-05-16 22:05:10 [scrapy.statscollectors] INFO: Dumping Scrapy stats:
{'downloader/request_bytes': 11470,
 'downloader/request_count': 25,
 'downloader/request_method_count/GET': 25,
 'downloader/response_bytes': 595871,
 'downloader/response_count': 12,
 'downloader/response_status_count/200': 12,
 'elapsed_time_seconds': 100.404804,
 'finish_reason': 'finished',
 'finish_time': datetime.datetime(2024, 5, 16, 14, 5, 10, 241279),
 'httpcompression/response_bytes': 4279316,
 'httpcompression/response_count': 12,
 'log_count/DEBUG': 33,
 'log_count/INFO': 11,
 'offsite/domains': 1,
 'offsite/filtered': 330,
 'request_depth_max': 2,
 'response_received_count': 12,
 'scheduler/dequeued': 25,
 'scheduler/dequeued/memory': 25,
 'scheduler/enqueued': 25,
 'scheduler/enqueued/memory': 25,
 'start_time': datetime.datetime(2024, 5, 16, 14, 3, 29, 836475)}
2024-05-16 22:05:10 [scrapy.core.engine] INFO: Spider closed (finished)
